2016-06-11 08:31:06 INFO  Service:61 - Connecting to database...
2016-06-11 08:34:18 INFO  Service:61 - Connecting to database...
2016-06-11 09:57:01 INFO  Service:61 - Connecting to database...
2016-06-11 10:19:44 INFO  Service:65 - Connecting to database...
2016-06-11 10:19:44 INFO  Service:109 - user retrieved: id.kawalharga.model.User@33a10788
2016-06-11 11:19:43 INFO  Service:62 - Connecting to database...
2016-06-11 11:19:43 INFO  Service:106 - user retrieved: id.kawalharga.model.User@33a10788
2016-06-11 11:25:25 INFO  Service:62 - Connecting to database...
2016-06-11 11:25:25 INFO  Service:106 - user retrieved: id.kawalharga.model.User@314c508a
2016-06-11 11:25:59 INFO  Service:62 - Connecting to database...
2016-06-11 11:25:59 INFO  Service:106 - user retrieved: id.kawalharga.model.User@314c508a
2016-06-11 11:26:15 INFO  Service:62 - Connecting to database...
2016-06-11 11:26:15 INFO  Service:106 - user retrieved: id.kawalharga.model.User@314c508a
2016-06-11 11:27:01 INFO  Service:62 - Connecting to database...
2016-06-11 11:27:01 INFO  Service:106 - user retrieved: id.kawalharga.model.User@33a10788
2016-06-11 11:30:52 INFO  Service:62 - Connecting to database...
2016-06-11 11:30:52 INFO  Service:106 - user retrieved: { id:6, username:admin, name:admin, email:admin@gmail.com }
2016-06-11 11:31:31 INFO  Service:62 - Connecting to database...
2016-06-11 11:31:31 DEBUG Service:96 - select id, username, nama, alamat, nohp, kodepos, email from auth_user where username = 'admin'
2016-06-11 11:31:31 INFO  Service:106 - user retrieved: { id:6, username:admin, name:admin, email:admin@gmail.com }
2016-06-11 11:31:31 DEBUG Service:321 - [Karkas Ayam Buras dijual seharga Rp 50000.00/kg di KAB. PIDIE, Karkas Ayam Buras dijual seharga Rp 67000.00/kg di KAB. PIDIE, Beras Medium dijual seharga Rp 12000.00/kg di KAB. AGAM]
2016-06-11 11:32:11 INFO  Service:62 - Connecting to database...
2016-06-11 11:32:11 DEBUG Service:96 - select id, username, nama, alamat, nohp, kodepos, email from auth_user where username = 'admin'
2016-06-11 11:32:11 INFO  Service:106 - user retrieved: { id:6, username:admin, name:admin, email:admin@gmail.com }
2016-06-11 11:32:11 DEBUG Service:320 - Karkas Ayam Buras dijual seharga Rp 50000.00/kg di KAB. PIDIE
2016-06-11 11:32:11 DEBUG Service:320 - Karkas Ayam Buras dijual seharga Rp 67000.00/kg di KAB. PIDIE
2016-06-11 11:32:11 DEBUG Service:320 - Beras Medium dijual seharga Rp 12000.00/kg di KAB. AGAM
2016-06-11 11:33:12 INFO  Service:62 - Connecting to database...
2016-06-11 11:33:12 DEBUG Service:96 - select id, username, nama, alamat, nohp, kodepos, email from auth_user where username = 'admin'
2016-06-11 11:33:12 INFO  Service:106 - user retrieved: { id:6, username:admin, name:admin, email:admin@gmail.com }
2016-06-11 11:33:12 DEBUG Service:320 - retrieved: Karkas Ayam Buras dijual seharga Rp 50000.00/kg di KAB. PIDIE (-6.222132, 106.887703)
2016-06-11 11:33:12 DEBUG Service:320 - retrieved: Karkas Ayam Buras dijual seharga Rp 67000.00/kg di KAB. PIDIE (-6.285703, 106.913109)
2016-06-11 11:33:12 DEBUG Service:320 - retrieved: Beras Medium dijual seharga Rp 12000.00/kg di KAB. AGAM (-0.253183, 100.153736)
2016-06-11 11:35:27 INFO  Service:62 - Connecting to database...
2016-06-11 11:35:27 DEBUG Service:96 - select id, username, nama, alamat, nohp, kodepos, email from auth_user where username = 'admin'
2016-06-11 11:35:27 INFO  Service:106 - user retrieved: { id:6, username:admin, name:admin, email:admin@gmail.com }
2016-06-11 11:35:27 DEBUG Service:320 - retrieved: Karkas Ayam Buras dijual seharga Rp 50000.00/kg di KAB. PIDIE (-6.222132, 106.887703)
2016-06-11 11:35:27 DEBUG Service:320 - retrieved: Karkas Ayam Buras dijual seharga Rp 67000.00/kg di KAB. PIDIE (-6.285703, 106.913109)
2016-06-11 11:35:27 DEBUG Service:320 - retrieved: Beras Medium dijual seharga Rp 12000.00/kg di KAB. AGAM (-0.253183, 100.153736)
2016-06-11 12:03:35 INFO  Service:61 - Connecting to database...
2016-06-11 12:03:35 DEBUG Service:98 - select id, username, nama, alamat, nohp, kodepos, email from auth_user where username = 'admin'
2016-06-11 12:03:35 INFO  Service:108 - user retrieved: { id:6, username:admin, name:admin, email:admin@gmail.com }
2016-06-11 12:03:35 INFO  Service:61 - Connecting to database...
2016-06-11 12:03:35 DEBUG Service:331 - retrieved: Karkas Ayam Buras dijual seharga Rp 50000.00/kg di KAB. PIDIE (-6.222132, 106.887703)
2016-06-11 12:03:35 DEBUG Service:331 - retrieved: Karkas Ayam Buras dijual seharga Rp 67000.00/kg di KAB. PIDIE (-6.285703, 106.913109)
2016-06-11 12:03:35 DEBUG Service:331 - retrieved: Beras Medium dijual seharga Rp 12000.00/kg di KAB. AGAM (-0.253183, 100.153736)
2016-06-11 12:03:35 INFO  Service:61 - Connecting to database...
2016-06-11 12:07:43 INFO  Service:61 - Connecting to database...
2016-06-11 12:07:43 DEBUG Service:99 - select id, username, nama, alamat, nohp, kodepos, email from auth_user where username = 'admin'
2016-06-11 12:07:43 INFO  Service:109 - user retrieved: { id:6, username:admin, name:admin, email:admin@gmail.com }
2016-06-11 12:07:43 INFO  Service:61 - Connecting to database...
2016-06-11 12:07:43 DEBUG Service:332 - retrieved: Karkas Ayam Buras dijual seharga Rp 50000.00/kg di KAB. PIDIE (-6.222132, 106.887703)
2016-06-11 12:07:43 DEBUG Service:332 - retrieved: Karkas Ayam Buras dijual seharga Rp 67000.00/kg di KAB. PIDIE (-6.285703, 106.913109)
2016-06-11 12:07:43 DEBUG Service:332 - retrieved: Beras Medium dijual seharga Rp 12000.00/kg di KAB. AGAM (-0.253183, 100.153736)
2016-06-11 12:07:43 INFO  Service:61 - Connecting to database...
2016-06-11 12:44:29 INFO  Service:61 - Connecting to database...
2016-06-11 12:44:29 DEBUG Service:99 - select id, username, nama, alamat, nohp, kodepos, email from auth_user where username = 'admin'
2016-06-11 12:44:29 INFO  Service:109 - user retrieved: { id:6, username:admin, name:admin, email:admin@gmail.com }
2016-06-11 12:44:29 INFO  Service:61 - Connecting to database...
2016-06-11 12:44:29 DEBUG Service:332 - retrieved: Karkas Ayam Buras dijual seharga Rp 50000.00/kg di KAB. PIDIE (-6.222132, 106.887703) dilaporkan oleh Ivan Sugiarto pada 2015-12-12
2016-06-11 12:44:29 DEBUG Service:332 - retrieved: Karkas Ayam Buras dijual seharga Rp 67000.00/kg di KAB. PIDIE (-6.285703, 106.913109) dilaporkan oleh Ivan Sugiarto pada 2015-12-12
2016-06-11 12:44:29 DEBUG Service:332 - retrieved: Beras Medium dijual seharga Rp 12000.00/kg di KAB. AGAM (-0.253183, 100.153736) dilaporkan oleh admin pada 2015-12-12
2016-06-11 12:44:29 INFO  Service:61 - Connecting to database...
